#
# A fatal error has been detected by the Java Runtime Environment:
#
#  SIGSEGV (0xb) at pc=0x0000000128c46125, pid=93372, tid=2571
#
# JRE version: Java(TM) SE Runtime Environment (8.0_11-b12) (build 1.8.0_11-b12)
# Java VM: Java HotSpot(TM) 64-Bit Server VM (25.11-b03 mixed mode bsd-amd64 compressed oops)
# Problematic frame:
# C  [libglass.dylib+0x1b125]  GlassScreenDidChangeScreenParameters+0x25
#
# Failed to write core dump. Core dumps have been disabled. To enable core dumping, try "ulimit -c unlimited" before starting Java again
#
# If you would like to submit a bug report, please visit:
#   http://bugreport.sun.com/bugreport/crash.jsp
#

---------------  T H R E A D  ---------------

Current thread is native thread

siginfo:si_signo=SIGSEGV: si_errno=0, si_code=1 (SEGV_MAPERR), si_addr=0x0000000000000000

Registers:
RAX=0x0000000128c78910, RBX=0x0000000000000000, RCX=0x0000000000000103, RDX=0x0000010000000100
RSP=0x00007fff51b10980, RBP=0x00007fff51b10990, RSI=0x00007fa539414ad0, RDI=0x0000000000000000
R8 =0x0000000000000040, R9 =0x00007fff759501e0, R10=0xffffffffffffffff, R11=0x0000000000000246
R12=0x00007fa5395506d0, R13=0x00007fa539699190, R14=0x00007fa5396992a0, R15=0x0000000000000000
RIP=0x0000000128c46125, EFLAGS=0x0000000000010246, ERR=0x0000000000000004
  TRAPNO=0x000000000000000e

Top of Stack: (sp=0x00007fff51b10980)
0x00007fff51b10980:   00007fff51b10990 00007fff51b109d8
0x00007fff51b10990:   00007fff51b109a0 00007fff8dfaac9c
0x00007fff51b109a0:   00007fff51b109c0 00007fff8dfaac2f
0x00007fff51b109b0:   0000000000000000 0000000000000000
0x00007fff51b109c0:   00007fff51b10a30 00007fff8dfaaba7
0x00007fff51b109d0:   00007fff8e36a6e0 00007fff73ca90a0
0x00007fff51b109e0:   0000000042000000 00007fff8dfaabf0
0x00007fff51b109f0:   00007fff7568d6f0 00007fa539699190
0x00007fff51b10a00:   00007fa5395506d0 00007fff51b111d8
0x00007fff51b10a10:   00007fff757ba6d0 00007fff51b111d8
0x00007fff51b10a20:   00007fa539699190 00007fff8e369a02
0x00007fff51b10a30:   00007fff51b10a70 00007fff8dfaa912
0x00007fff51b10a40:   00007fff51b11050 0000000000000000
0x00007fff51b10a50:   00007fff757ba6d0 00007fff51b111d8
0x00007fff51b10a60:   00007fff8c6c6e40 00007fff8e369a02
0x00007fff51b10a70:   00007fff51b11180 00007fff8df676d2
0x00007fff51b10a80:   00007fa53b302c00 0000000000000002
0x00007fff51b10a90:   0000000000000000 00007fa5396060b0
0x00007fff51b10aa0:   00007fa539809048 00007fa539640a70
0x00007fff51b10ab0:   0000000000000000 00007fa539699300
0x00007fff51b10ac0:   0000000000000000 0000000000000000
0x00007fff51b10ad0:   00007fff756cab50 00007fff51b11050
0x00007fff51b10ae0:   0000000000000001 0000000000000100
0x00007fff51b10af0:   0000000000001800 00007fff51b10f50
0x00007fff51b10b00:   0000000000000000 0000000000000100
0x00007fff51b10b10:   409c080000000000 00007fff757ba6d0
0x00007fff51b10b20:   0000000000000000 00007fff7568e490
0x00007fff51b10b30:   00007fff757ba6d0 0000000000000000
0x00007fff51b10b40:   00007fff7568e490 00007fa539536840
0x00007fff51b10b50:   00007fa53b302c00 00007fff912bb1b3
0x00007fff51b10b60:   0000000000157401 00007fff7533e300
0x00007fff51b10b70:   0000000000157400 000000007533e300 

Instructions: (pc=0x0000000128c46125)
0x0000000128c46105:   48 83 ec 08 48 8d 05 f8 28 03 00 48 8b 00 48 85
0x0000000128c46115:   c0 48 89 fb 75 2e 48 8d 05 ee 27 03 00 48 8b 30
0x0000000128c46125:   48 8b 03 48 8d 15 58 90 01 00 48 8d 0d 62 51 01
0x0000000128c46135:   00 48 89 df ff 90 88 03 00 00 48 8d 0d c2 28 03 

Register to memory mapping:

RAX=0x0000000128c78910: jScreenClass+0 in /Library/Java/JavaVirtualMachines/jdk1.8.0_11.jdk/Contents/Home/jre/lib/libglass.dylib at 0x0000000128c2b000
RBX=0x0000000000000000 is an unknown value
RCX=0x0000000000000103 is an unknown value
RDX=0x0000010000000100 is an unknown value
RSP=0x00007fff51b10980 is an unknown value
RBP=0x00007fff51b10990 is an unknown value
RSI=0x00007fa539414ad0 is a global jni handle
RDI=0x0000000000000000 is an unknown value
R8 =0x0000000000000040 is an unknown value
R9 =0x00007fff759501e0: __sFX+0x1c0 in /usr/lib/system/libsystem_c.dylib at 0x00007fff8ec08000
R10=0xffffffffffffffff is an unknown value
R11=0x0000000000000246 is an unknown value
R12=0x00007fa5395506d0 is an unknown value
R13=0x00007fa539699190 is an unknown value
R14=0x00007fa5396992a0 is an unknown value
R15=0x0000000000000000 is an unknown value


Stack: [0x00007fff51314000,0x00007fff51b14000],  sp=0x00007fff51b10980,  free space=8178k
Native frames: (J=compiled Java code, j=interpreted, Vv=VM code, C=native code)
C  [libglass.dylib+0x1b125]  GlassScreenDidChangeScreenParameters+0x25
C  [CoreFoundation+0xa0c9c]  __CFNOTIFICATIONCENTER_IS_CALLING_OUT_TO_AN_OBSERVER__+0xc
C  [CoreFoundation+0xa0c2f]  ___CFXRegistrationPost_block_invoke+0x3f
C  [CoreFoundation+0xa0ba7]  _CFXRegistrationPost+0x197
C  [CoreFoundation+0xa0912]  ___CFXNotificationPost_block_invoke+0x32
C  [CoreFoundation+0x5d6d2]  -[_CFXNotificationRegistrar find:object:observer:enumerator:]+0x782
C  [CoreFoundation+0x5c925]  _CFXNotificationPost+0x2b5
C  [Foundation+0x70fa]  -[NSNotificationCenter postNotificationName:object:userInfo:]+0x42
C  [AppKit+0x41da66]  -[NSApplication _reactToScreenInvalidationImmediately:]+0x17f
C  [AppKit+0x41d8b7]  __44-[NSApplication _reactToScreenInvalidation:]_block_invoke+0x3b
C  [CoreFoundation+0xaa4dc]  __CFRUNLOOP_IS_CALLING_OUT_TO_A_BLOCK__+0xc
C  [CoreFoundation+0x89df5]  __CFRunLoopDoBlocks+0x155
C  [CoreFoundation+0x89b5b]  __CFRunLoopRun+0x92b
C  [CoreFoundation+0x88fc8]  CFRunLoopRunSpecific+0x128
C  [java+0x56cb]  CreateExecutionEnvironment+0x367
C  [java+0x166c]  JLI_Launch+0x7a0
C  [java+0x7689]  main+0x65
C  [java+0xec4]  start+0x34


---------------  P R O C E S S  ---------------

VM state:at safepoint (normal execution)

VM Mutex/Monitor currently owned by a thread:  ([mutex/lock_event])
[0x00007fa5396039b0] Threads_lock - owner thread: 0x00007fa53980d000

Heap:
 PSYoungGen      total 5120K, used 1289K [0x0000000795580000, 0x0000000795b80000, 0x00000007c0000000)
  eden space 4096K, 15% used [0x0000000795580000,0x000000079561e498,0x0000000795980000)
  from space 1024K, 64% used [0x0000000795a80000,0x0000000795b24020,0x0000000795b80000)
  to   space 1024K, 0% used [0x0000000795980000,0x0000000795980000,0x0000000795a80000)
 ParOldGen       total 129536K, used 940K [0x0000000740000000, 0x0000000747e80000, 0x0000000795580000)
  object space 129536K, 0% used [0x0000000740000000,0x00000007400eb020,0x0000000747e80000)
 Metaspace       used 6547K, capacity 7262K, committed 7552K, reserved 1056768K
  class space    used 817K, capacity 850K, committed 896K, reserved 1048576K

Card table byte_map: [0x000000011f681000,0x000000011fa82000] byte_map_base: 0x000000011bc81000

Marking Bits: (ParMarkBitMap*) 0x000000010fc670a0
 Begin Bits: [0x000000011fd2d000, 0x0000000121d2d000)
 End Bits:   [0x0000000121d2d000, 0x0000000123d2d000)

Polling page: 0x000000010e3df000

CodeCache: size=245760Kb used=1762Kb max_used=1762Kb free=243997Kb
 bounds [0x00000001102c1000, 0x0000000110531000, 0x000000011f2c1000]
 total_blobs=652 nmethods=282 adapters=286
 compilation: enabled

Compilation events (10 events):
Event: 0.504 Thread 0x00007fa53981a000  278       3       sun.util.locale.LocaleUtils::isUpper (18 bytes)
Event: 0.504 Thread 0x00007fa53981a000 nmethod 278 0x0000000110476e90 code [0x0000000110476fe0, 0x00000001104771b0]
Event: 0.510 Thread 0x00007fa53a83b000  279  s    4       java.io.BufferedInputStream::read (49 bytes)
Event: 0.510 Thread 0x00007fa53981a000  280       3       java.io.DataInputStream::readInt (72 bytes)
Event: 0.510 Thread 0x00007fa53981a000 nmethod 280 0x0000000110476350 code [0x0000000110476500, 0x0000000110476a68]
Event: 0.511 Thread 0x00007fa53981a000  282       3       java.util.StringTokenizer::scanToken (179 bytes)
Event: 0.512 Thread 0x00007fa53a83b000 nmethod 279 0x0000000110479b10 code [0x0000000110479c60, 0x000000011047a0e8]
Event: 0.512 Thread 0x00007fa53981a000 nmethod 282 0x000000011047a210 code [0x000000011047a480, 0x000000011047b6d8]
Event: 0.512 Thread 0x00007fa53981a000  281       3       java.util.StringTokenizer::skipDelimiters (116 bytes)
Event: 0.513 Thread 0x00007fa53981a000 nmethod 281 0x0000000110475190 code [0x00000001104753a0, 0x0000000110475ed8]

GC Heap History (10 events):
Event: 0.097 GC heap before
{Heap before GC invocations=2 (full 0):
 PSYoungGen      total 1024K, used 1008K [0x0000000795580000, 0x0000000795780000, 0x00000007c0000000)
  eden space 512K, 100% used [0x0000000795580000,0x0000000795600000,0x0000000795600000)
  from space 512K, 96% used [0x0000000795600000,0x000000079567c010,0x0000000795680000)
  to   space 512K, 0% used [0x0000000795700000,0x0000000795700000,0x0000000795780000)
 ParOldGen       total 129536K, used 28K [0x0000000740000000, 0x0000000747e80000, 0x0000000795580000)
  object space 129536K, 0% used [0x0000000740000000,0x0000000740007010,0x0000000747e80000)
 Metaspace       used 2931K, capacity 4562K, committed 4864K, reserved 1056768K
  class space    used 320K, capacity 390K, committed 512K, reserved 1048576K
Event: 0.098 GC heap after
Heap after GC invocations=2 (full 0):
 PSYoungGen      total 1536K, used 496K [0x0000000795580000, 0x0000000795780000, 0x00000007c0000000)
  eden space 1024K, 0% used [0x0000000795580000,0x0000000795580000,0x0000000795680000)
  from space 512K, 96% used [0x0000000795700000,0x000000079577c010,0x0000000795780000)
  to   space 512K, 0% used [0x0000000795680000,0x0000000795680000,0x0000000795700000)
 ParOldGen       total 129536K, used 140K [0x0000000740000000, 0x0000000747e80000, 0x0000000795580000)
  object space 129536K, 0% used [0x0000000740000000,0x0000000740023010,0x0000000747e80000)
 Metaspace       used 2931K, capacity 4562K, committed 4864K, reserved 1056768K
  class space    used 320K, capacity 390K, committed 512K, reserved 1048576K
}
Event: 0.125 GC heap before
{Heap before GC invocations=3 (full 0):
 PSYoungGen      total 1536K, used 1520K [0x0000000795580000, 0x0000000795780000, 0x00000007c0000000)
  eden space 1024K, 100% used [0x0000000795580000,0x0000000795680000,0x0000000795680000)
  from space 512K, 96% used [0x0000000795700000,0x000000079577c010,0x0000000795780000)
  to   space 512K, 0% used [0x0000000795680000,0x0000000795680000,0x0000000795700000)
 ParOldGen       total 129536K, used 140K [0x0000000740000000, 0x0000000747e80000, 0x0000000795580000)
  object space 129536K, 0% used [0x0000000740000000,0x0000000740023010,0x0000000747e80000)
 Metaspace       used 3454K, capacity 5014K, committed 5120K, reserved 1056768K
  class space    used 381K, capacity 458K, committed 512K, reserved 1048576K
Event: 0.126 GC heap after
Heap after GC invocations=3 (full 0):
 PSYoungGen      total 1536K, used 512K [0x0000000795580000, 0x0000000795880000, 0x00000007c0000000)
  eden space 1024K, 0% used [0x0000000795580000,0x0000000795580000,0x0000000795680000)
  from space 512K, 100% used [0x0000000795680000,0x0000000795700000,0x0000000795700000)
  to   space 512K, 0% used [0x0000000795800000,0x0000000795800000,0x0000000795880000)
 ParOldGen       total 129536K, used 204K [0x0000000740000000, 0x0000000747e80000, 0x0000000795580000)
  object space 129536K, 0% used [0x0000000740000000,0x0000000740033010,0x0000000747e80000)
 Metaspace       used 3454K, capacity 5014K, committed 5120K, reserved 1056768K
  class space    used 381K, capacity 458K, committed 512K, reserved 1048576K
}
Event: 0.350 GC heap before
{Heap before GC invocations=4 (full 0):
 PSYoungGen      total 1536K, used 1536K [0x0000000795580000, 0x0000000795880000, 0x00000007c0000000)
  eden space 1024K, 100% used [0x0000000795580000,0x0000000795680000,0x0000000795680000)
  from space 512K, 100% used [0x0000000795680000,0x0000000795700000,0x0000000795700000)
  to   space 512K, 0% used [0x0000000795800000,0x0000000795800000,0x0000000795880000)
 ParOldGen       total 129536K, used 204K [0x0000000740000000, 0x0000000747e80000, 0x0000000795580000)
  object space 129536K, 0% used [0x0000000740000000,0x0000000740033010,0x0000000747e80000)
 Metaspace       used 4123K, capacity 5462K, committed 5760K, reserved 1056768K
  class space    used 459K, capacity 522K, committed 640K, reserved 1048576K
Event: 0.351 GC heap after
Heap after GC invocations=4 (full 0):
 PSYoungGen      total 2560K, used 480K [0x0000000795580000, 0x0000000795880000, 0x00000007c0000000)
  eden space 2048K, 0% used [0x0000000795580000,0x0000000795580000,0x0000000795780000)
  from space 512K, 93% used [0x0000000795800000,0x0000000795878020,0x0000000795880000)
  to   space 512K, 0% used [0x0000000795780000,0x0000000795780000,0x0000000795800000)
 ParOldGen       total 129536K, used 308K [0x0000000740000000, 0x0000000747e80000, 0x0000000795580000)
  object space 129536K, 0% used [0x0000000740000000,0x000000074004d010,0x0000000747e80000)
 Metaspace       used 4123K, capacity 5462K, committed 5760K, reserved 1056768K
  class space    used 459K, capacity 522K, committed 640K, reserved 1048576K
}
Event: 0.423 GC heap before
{Heap before GC invocations=5 (full 0):
 PSYoungGen      total 2560K, used 2528K [0x0000000795580000, 0x0000000795880000, 0x00000007c0000000)
  eden space 2048K, 100% used [0x0000000795580000,0x0000000795780000,0x0000000795780000)
  from space 512K, 93% used [0x0000000795800000,0x0000000795878020,0x0000000795880000)
  to   space 512K, 0% used [0x0000000795780000,0x0000000795780000,0x0000000795800000)
 ParOldGen       total 129536K, used 308K [0x0000000740000000, 0x0000000747e80000, 0x0000000795580000)
  object space 129536K, 0% used [0x0000000740000000,0x000000074004d010,0x0000000747e80000)
 Metaspace       used 4909K, capacity 6134K, committed 6272K, reserved 1056768K
  class space    used 519K, capacity 554K, committed 640K, reserved 1048576K
Event: 0.424 GC heap after
Heap after GC invocations=5 (full 0):
 PSYoungGen      total 2560K, used 496K [0x0000000795580000, 0x0000000795b80000, 0x00000007c0000000)
  eden space 2048K, 0% used [0x0000000795580000,0x0000000795580000,0x0000000795780000)
  from space 512K, 96% used [0x0000000795780000,0x00000007957fc020,0x0000000795800000)
  to   space 1024K, 0% used [0x0000000795a80000,0x0000000795a80000,0x0000000795b80000)
 ParOldGen       total 129536K, used 932K [0x0000000740000000, 0x0000000747e80000, 0x0000000795580000)
  object space 129536K, 0% used [0x0000000740000000,0x00000007400e9020,0x0000000747e80000)
 Metaspace       used 4909K, capacity 6134K, committed 6272K, reserved 1056768K
  class space    used 519K, capacity 554K, committed 640K, reserved 1048576K
}
Event: 0.469 GC heap before
{Heap before GC invocations=6 (full 0):
 PSYoungGen      total 2560K, used 2544K [0x0000000795580000, 0x0000000795b80000, 0x00000007c0000000)
  eden space 2048K, 100% used [0x0000000795580000,0x0000000795780000,0x0000000795780000)
  from space 512K, 96% used [0x0000000795780000,0x00000007957fc020,0x0000000795800000)
  to   space 1024K, 0% used [0x0000000795a80000,0x0000000795a80000,0x0000000795b80000)
 ParOldGen       total 129536K, used 932K [0x0000000740000000, 0x0000000747e80000, 0x0000000795580000)
  object space 129536K, 0% used [0x0000000740000000,0x00000007400e9020,0x0000000747e80000)
 Metaspace       used 5899K, capacity 7030K, committed 7168K, reserved 1056768K
  class space    used 709K, capacity 746K, committed 768K, reserved 1048576K
Event: 0.469 GC heap after
Heap after GC invocations=6 (full 0):
 PSYoungGen      total 5120K, used 656K [0x0000000795580000, 0x0000000795b80000, 0x00000007c0000000)
  eden space 4096K, 0% used [0x0000000795580000,0x0000000795580000,0x0000000795980000)
  from space 1024K, 64% used [0x0000000795a80000,0x0000000795b24020,0x0000000795b80000)
  to   space 1024K, 0% used [0x0000000795980000,0x0000000795980000,0x0000000795a80000)
 ParOldGen       total 129536K, used 940K [0x0000000740000000, 0x0000000747e80000, 0x0000000795580000)
  object space 129536K, 0% used [0x0000000740000000,0x00000007400eb020,0x0000000747e80000)
 Metaspace       used 5899K, capacity 7030K, committed 7168K, reserved 1056768K
  class space    used 709K, capacity 746K, committed 768K, reserved 1048576K
}

Deoptimization events (0 events):
No events

Internal exceptions (10 events):
Event: 0.034 Thread 0x00007fa53c000000 Exception <a 'java/lang/NoSuchMethodError': Method sun.misc.Unsafe.prefetchRead(Ljava/lang/Object;J)V name or signature does not match> (0x0000000795594a00) thrown at [/HUDSON3/workspace/8-2-build-macosx-x86_64/jdk8u11/648/hotspot/src/share/vm/prims/jni.c
Event: 0.081 Thread 0x00007fa53c000000 Exception <a 'java/security/PrivilegedActionException'> (0x00000007955a3250) thrown at [/HUDSON3/workspace/8-2-build-macosx-x86_64/jdk8u11/648/hotspot/src/share/vm/prims/jvm.cpp, line 1248]
Event: 0.095 Thread 0x00007fa53c000000 Exception <a 'java/security/PrivilegedActionException'> (0x00000007955fa0f0) thrown at [/HUDSON3/workspace/8-2-build-macosx-x86_64/jdk8u11/648/hotspot/src/share/vm/prims/jvm.cpp, line 1248]
Event: 0.095 Thread 0x00007fa53c000000 Exception <a 'java/security/PrivilegedActionException'> (0x00000007955fa2a8) thrown at [/HUDSON3/workspace/8-2-build-macosx-x86_64/jdk8u11/648/hotspot/src/share/vm/prims/jvm.cpp, line 1248]
Event: 0.096 Thread 0x00007fa53c000000 Exception <a 'java/security/PrivilegedActionException'> (0x00000007955fd500) thrown at [/HUDSON3/workspace/8-2-build-macosx-x86_64/jdk8u11/648/hotspot/src/share/vm/prims/jvm.cpp, line 1248]
Event: 0.096 Thread 0x00007fa53c000000 Exception <a 'java/security/PrivilegedActionException'> (0x00000007955fd6b8) thrown at [/HUDSON3/workspace/8-2-build-macosx-x86_64/jdk8u11/648/hotspot/src/share/vm/prims/jvm.cpp, line 1248]
Event: 0.096 Thread 0x00007fa53c000000 Exception <a 'java/lang/NullPointerException'> (0x00000007955fded0) thrown at [/HUDSON3/workspace/8-2-build-macosx-x86_64/jdk8u11/648/hotspot/src/share/vm/interpreter/linkResolver.cpp, line 1169]
Event: 0.498 Thread 0x00007fa53c000000 Exception <a 'java/lang/reflect/InvocationTargetException'> (0x00000007955efd40) thrown at [/HUDSON3/workspace/8-2-build-macosx-x86_64/jdk8u11/648/hotspot/src/share/vm/runtime/reflection.cpp, line 1079]
Event: 0.513 Thread 0x00007fa53c000000 Exception <a 'java/security/PrivilegedActionException'> (0x0000000795618920) thrown at [/HUDSON3/workspace/8-2-build-macosx-x86_64/jdk8u11/648/hotspot/src/share/vm/prims/jvm.cpp, line 1248]
Event: 0.513 Thread 0x00007fa53c000000 Exception <a 'java/security/PrivilegedActionException'> (0x0000000795619200) thrown at [/HUDSON3/workspace/8-2-build-macosx-x86_64/jdk8u11/648/hotspot/src/share/vm/prims/jvm.cpp, line 1248]

Events (10 events):
Event: 0.514 loading class java/util/Formatter$Flags done
Event: 0.514 loading class java/util/Formatter$Conversion
Event: 0.514 loading class java/util/Formatter$Conversion done
Event: 0.515 loading class java/util/Formattable
Event: 0.515 loading class java/util/Formattable done
Event: 0.515 loading class java/lang/Shutdown
Event: 0.515 loading class java/lang/Shutdown done
Event: 0.515 loading class java/lang/Shutdown$Lock
Event: 0.515 loading class java/lang/Shutdown$Lock done
Event: 0.515 Executing VM operation: Exit


Dynamic libraries:
0x00000000034a9000 	/System/Library/Frameworks/Cocoa.framework/Versions/A/Cocoa
0x00000000034a9000 	/System/Library/Frameworks/Security.framework/Versions/A/Security
0x00000000034a9000 	/System/Library/Frameworks/ApplicationServices.framework/Versions/A/ApplicationServices
0x00000000034a9000 	/usr/lib/libz.1.dylib
0x00000000034a9000 	/usr/lib/libSystem.B.dylib
0x00000000034a9000 	/usr/lib/libobjc.A.dylib
0x00000000034a9000 	/System/Library/Frameworks/CoreFoundation.framework/Versions/A/CoreFoundation
0x00000000034a9000 	/System/Library/Frameworks/Foundation.framework/Versions/C/Foundation
0x00000000034a9000 	/System/Library/Frameworks/AppKit.framework/Versions/C/AppKit
0x00000000034a9000 	/System/Library/Frameworks/CoreData.framework/Versions/A/CoreData
0x00000000034a9000 	/System/Library/PrivateFrameworks/RemoteViewServices.framework/Versions/A/RemoteViewServices
0x00000000034a9000 	/System/Library/PrivateFrameworks/UIFoundation.framework/Versions/A/UIFoundation
0x00000000034a9000 	/usr/lib/libScreenReader.dylib
0x00000000034a9000 	/System/Library/Frameworks/Accelerate.framework/Versions/A/Accelerate
0x00000000034a9000 	/System/Library/Frameworks/IOSurface.framework/Versions/A/IOSurface
0x00000000034a9000 	/System/Library/Frameworks/AudioToolbox.framework/Versions/A/AudioToolbox
0x00000000034a9000 	/System/Library/Frameworks/AudioUnit.framework/Versions/A/AudioUnit
0x00000000034a9000 	/System/Library/PrivateFrameworks/DataDetectorsCore.framework/Versions/A/DataDetectorsCore
0x00000000034a9000 	/System/Library/PrivateFrameworks/DesktopServicesPriv.framework/Versions/A/DesktopServicesPriv
0x00000000034a9000 	/System/Library/Frameworks/Carbon.framework/Versions/A/Frameworks/HIToolbox.framework/Versions/A/HIToolbox
0x00000000034a9000 	/System/Library/Frameworks/QuartzCore.framework/Versions/A/QuartzCore
0x00000000034a9000 	/System/Library/Frameworks/Carbon.framework/Versions/A/Frameworks/SpeechRecognition.framework/Versions/A/SpeechRecognition
0x00000000034a9000 	/usr/lib/libauto.dylib
0x00000000034a9000 	/usr/lib/libicucore.A.dylib
0x00000000034a9000 	/usr/lib/libxml2.2.dylib
0x00000000034a9000 	/System/Library/PrivateFrameworks/CoreUI.framework/Versions/A/CoreUI
0x00000000034a9000 	/System/Library/Frameworks/CoreAudio.framework/Versions/A/CoreAudio
0x00000000034a9000 	/System/Library/Frameworks/DiskArbitration.framework/Versions/A/DiskArbitration
0x00000000034a9000 	/usr/lib/liblangid.dylib
0x00000000034a9000 	/System/Library/PrivateFrameworks/MultitouchSupport.framework/Versions/A/MultitouchSupport
0x00000000034a9000 	/System/Library/Frameworks/IOKit.framework/Versions/A/IOKit
0x00000000034a9000 	/usr/lib/libDiagnosticMessagesClient.dylib
0x00000000034a9000 	/System/Library/Frameworks/CoreServices.framework/Versions/A/CoreServices
0x00000000034a9000 	/System/Library/PrivateFrameworks/PerformanceAnalysis.framework/Versions/A/PerformanceAnalysis
0x00000000034a9000 	/System/Library/PrivateFrameworks/GenerationalStorage.framework/Versions/A/GenerationalStorage
0x00000000034a9000 	/System/Library/Frameworks/OpenGL.framework/Versions/A/OpenGL
0x00000000034a9000 	/System/Library/PrivateFrameworks/Sharing.framework/Versions/A/Sharing
0x00000000034a9000 	/System/Library/Frameworks/CoreGraphics.framework/Versions/A/CoreGraphics
0x00000000034a9000 	/System/Library/Frameworks/CoreImage.framework/Versions/A/CoreImage
0x00000000034a9000 	/System/Library/Frameworks/CoreText.framework/Versions/A/CoreText
0x00000000034a9000 	/System/Library/Frameworks/ImageIO.framework/Versions/A/ImageIO
0x00000000034a9000 	/System/Library/PrivateFrameworks/Backup.framework/Versions/A/Backup
0x00000000034a9000 	/usr/lib/libextension.dylib
0x00000000034a9000 	/usr/lib/libarchive.2.dylib
0x00000000034a9000 	/System/Library/Frameworks/CFNetwork.framework/Versions/A/CFNetwork
0x00000000034a9000 	/System/Library/Frameworks/SystemConfiguration.framework/Versions/A/SystemConfiguration
0x00000000034a9000 	/usr/lib/libCRFSuite.dylib
0x00000000034a9000 	/usr/lib/libc++.1.dylib
0x00000000034a9000 	/usr/lib/libc++abi.dylib
0x00000000034a9000 	/usr/lib/system/libcache.dylib
0x00000000034a9000 	/usr/lib/system/libcommonCrypto.dylib
0x00000000034a9000 	/usr/lib/system/libcompiler_rt.dylib
0x00000000034a9000 	/usr/lib/system/libcopyfile.dylib
0x00000000034a9000 	/usr/lib/system/libcorecrypto.dylib
0x00000000034a9000 	/usr/lib/system/libdispatch.dylib
0x00000000034a9000 	/usr/lib/system/libdyld.dylib
0x00000000034a9000 	/usr/lib/system/libkeymgr.dylib
0x00000000034a9000 	/usr/lib/system/liblaunch.dylib
0x00000000034a9000 	/usr/lib/system/libmacho.dylib
0x00000000034a9000 	/usr/lib/system/libquarantine.dylib
0x00000000034a9000 	/usr/lib/system/libremovefile.dylib
0x00000000034a9000 	/usr/lib/system/libsystem_asl.dylib
0x00000000034a9000 	/usr/lib/system/libsystem_blocks.dylib
0x00000000034a9000 	/usr/lib/system/libsystem_c.dylib
0x00000000034a9000 	/usr/lib/system/libsystem_configuration.dylib
0x00000000034a9000 	/usr/lib/system/libsystem_coreservices.dylib
0x00000000034a9000 	/usr/lib/system/libsystem_coretls.dylib
0x00000000034a9000 	/usr/lib/system/libsystem_dnssd.dylib
0x00000000034a9000 	/usr/lib/system/libsystem_info.dylib
0x00000000034a9000 	/usr/lib/system/libsystem_kernel.dylib
0x00000000034a9000 	/usr/lib/system/libsystem_m.dylib
0x00000000034a9000 	/usr/lib/system/libsystem_malloc.dylib
0x00000000034a9000 	/usr/lib/system/libsystem_network.dylib
0x00000000034a9000 	/usr/lib/system/libsystem_networkextension.dylib
0x00000000034a9000 	/usr/lib/system/libsystem_notify.dylib
0x00000000034a9000 	/usr/lib/system/libsystem_platform.dylib
0x00000000034a9000 	/usr/lib/system/libsystem_pthread.dylib
0x00000000034a9000 	/usr/lib/system/libsystem_sandbox.dylib
0x00000000034a9000 	/usr/lib/system/libsystem_secinit.dylib
0x00000000034a9000 	/usr/lib/system/libsystem_trace.dylib
0x00000000034a9000 	/usr/lib/system/libunc.dylib
0x00000000034a9000 	/usr/lib/system/libunwind.dylib
0x00000000034a9000 	/usr/lib/system/libxpc.dylib
0x00000000034a9000 	/usr/lib/libenergytrace.dylib
0x00000000034a9000 	/usr/lib/libbsm.0.dylib
0x00000000034a9000 	/usr/lib/system/libkxld.dylib
0x00000000034a9000 	/usr/lib/libxar.1.dylib
0x00000000034a9000 	/usr/lib/libsqlite3.dylib
0x00000000034a9000 	/usr/lib/libpam.2.dylib
0x00000000034a9000 	/usr/lib/libOpenScriptingUtil.dylib
0x00000000034a9000 	/usr/lib/libbz2.1.0.dylib
0x00000000034a9000 	/usr/lib/liblzma.5.dylib
0x00000000034a9000 	/System/Library/Frameworks/CoreServices.framework/Versions/A/Frameworks/FSEvents.framework/Versions/A/FSEvents
0x00000000034a9000 	/System/Library/Frameworks/CoreServices.framework/Versions/A/Frameworks/CarbonCore.framework/Versions/A/CarbonCore
0x00000000034a9000 	/System/Library/Frameworks/CoreServices.framework/Versions/A/Frameworks/Metadata.framework/Versions/A/Metadata
0x00000000034a9000 	/System/Library/Frameworks/CoreServices.framework/Versions/A/Frameworks/OSServices.framework/Versions/A/OSServices
0x00000000034a9000 	/System/Library/Frameworks/CoreServices.framework/Versions/A/Frameworks/SearchKit.framework/Versions/A/SearchKit
0x00000000034a9000 	/System/Library/Frameworks/CoreServices.framework/Versions/A/Frameworks/AE.framework/Versions/A/AE
0x00000000034a9000 	/System/Library/Frameworks/CoreServices.framework/Versions/A/Frameworks/LaunchServices.framework/Versions/A/LaunchServices
0x00000000034a9000 	/System/Library/Frameworks/CoreServices.framework/Versions/A/Frameworks/DictionaryServices.framework/Versions/A/DictionaryServices
0x00000000034a9000 	/System/Library/Frameworks/CoreServices.framework/Versions/A/Frameworks/SharedFileList.framework/Versions/A/SharedFileList
0x00000000034a9000 	/System/Library/Frameworks/NetFS.framework/Versions/A/NetFS
0x00000000034a9000 	/System/Library/PrivateFrameworks/NetAuth.framework/Versions/A/NetAuth
0x00000000034a9000 	/System/Library/PrivateFrameworks/login.framework/Versions/A/Frameworks/loginsupport.framework/Versions/A/loginsupport
0x00000000034a9000 	/System/Library/PrivateFrameworks/TCC.framework/Versions/A/TCC
0x00000000034a9000 	/usr/lib/libmecabra.dylib
0x00000000034a9000 	/System/Library/Frameworks/ApplicationServices.framework/Versions/A/Frameworks/ATS.framework/Versions/A/ATS
0x00000000034a9000 	/System/Library/Frameworks/ApplicationServices.framework/Versions/A/Frameworks/ColorSync.framework/Versions/A/ColorSync
0x00000000034a9000 	/System/Library/Frameworks/ApplicationServices.framework/Versions/A/Frameworks/HIServices.framework/Versions/A/HIServices
0x00000000034a9000 	/System/Library/Frameworks/ApplicationServices.framework/Versions/A/Frameworks/LangAnalysis.framework/Versions/A/LangAnalysis
0x00000000034a9000 	/System/Library/Frameworks/ApplicationServices.framework/Versions/A/Frameworks/PrintCore.framework/Versions/A/PrintCore
0x00000000034a9000 	/System/Library/Frameworks/ApplicationServices.framework/Versions/A/Frameworks/QD.framework/Versions/A/QD
0x00000000034a9000 	/System/Library/Frameworks/ApplicationServices.framework/Versions/A/Frameworks/SpeechSynthesis.framework/Versions/A/SpeechSynthesis
0x00000000034a9000 	/System/Library/Frameworks/Metal.framework/Versions/A/Metal
0x00000000034a9000 	/System/Library/Frameworks/Accelerate.framework/Versions/A/Frameworks/vImage.framework/Versions/A/vImage
0x00000000034a9000 	/System/Library/Frameworks/Accelerate.framework/Versions/A/Frameworks/vecLib.framework/Versions/A/vecLib
0x00000000034a9000 	/System/Library/Frameworks/Accelerate.framework/Versions/A/Frameworks/vecLib.framework/Versions/A/libvDSP.dylib
0x00000000034a9000 	/System/Library/Frameworks/Accelerate.framework/Versions/A/Frameworks/vecLib.framework/Versions/A/libvMisc.dylib
0x00000000034a9000 	/System/Library/Frameworks/Accelerate.framework/Versions/A/Frameworks/vecLib.framework/Versions/A/libLAPACK.dylib
0x00000000034a9000 	/System/Library/Frameworks/Accelerate.framework/Versions/A/Frameworks/vecLib.framework/Versions/A/libBLAS.dylib
0x00000000034a9000 	/System/Library/Frameworks/Accelerate.framework/Versions/A/Frameworks/vecLib.framework/Versions/A/libLinearAlgebra.dylib
0x00000000034a9000 	/System/Library/Frameworks/Accelerate.framework/Versions/A/Frameworks/vecLib.framework/Versions/A/libSparseBLAS.dylib
0x00000000034a9000 	/System/Library/PrivateFrameworks/GPUCompiler.framework/libmetal_timestamp.dylib
0x00000000034a9000 	/System/Library/Frameworks/OpenGL.framework/Versions/A/Libraries/libCoreFSCache.dylib
0x00000000034a9000 	/System/Library/PrivateFrameworks/IOAccelerator.framework/Versions/A/IOAccelerator
0x00000000034a9000 	/System/Library/Frameworks/ApplicationServices.framework/Versions/A/Frameworks/ATS.framework/Versions/A/Resources/libFontParser.dylib
0x00000000034a9000 	/System/Library/Frameworks/ApplicationServices.framework/Versions/A/Frameworks/ATS.framework/Versions/A/Resources/libFontRegistry.dylib
0x00000000034a9000 	/System/Library/PrivateFrameworks/AppleVPA.framework/Versions/A/AppleVPA
0x00000000034a9000 	/System/Library/PrivateFrameworks/AppleJPEG.framework/Versions/A/AppleJPEG
0x00000000034a9000 	/System/Library/Frameworks/ImageIO.framework/Versions/A/Resources/libJPEG.dylib
0x00000000034a9000 	/System/Library/Frameworks/ImageIO.framework/Versions/A/Resources/libTIFF.dylib
0x00000000034a9000 	/System/Library/Frameworks/ImageIO.framework/Versions/A/Resources/libPng.dylib
0x00000000034a9000 	/System/Library/Frameworks/ImageIO.framework/Versions/A/Resources/libGIF.dylib
0x00000000034a9000 	/System/Library/Frameworks/ImageIO.framework/Versions/A/Resources/libJP2.dylib
0x00000000034a9000 	/System/Library/Frameworks/ImageIO.framework/Versions/A/Resources/libRadiance.dylib
0x00000000034a9000 	/System/Library/Frameworks/CoreVideo.framework/Versions/A/CoreVideo
0x00000000034a9000 	/System/Library/Frameworks/OpenGL.framework/Versions/A/Libraries/libGLU.dylib
0x00000000034a9000 	/System/Library/Frameworks/OpenGL.framework/Versions/A/Libraries/libGFXShared.dylib
0x00000000034a9000 	/System/Library/Frameworks/OpenGL.framework/Versions/A/Libraries/libGL.dylib
0x00000000034a9000 	/System/Library/Frameworks/OpenGL.framework/Versions/A/Libraries/libGLImage.dylib
0x00000000034a9000 	/System/Library/Frameworks/OpenGL.framework/Versions/A/Libraries/libCVMSPluginSupport.dylib
0x00000000034a9000 	/System/Library/Frameworks/OpenGL.framework/Versions/A/Libraries/libCoreVMClient.dylib
0x00000000034a9000 	/usr/lib/libcups.2.dylib
0x00000000034a9000 	/System/Library/Frameworks/Kerberos.framework/Versions/A/Kerberos
0x00000000034a9000 	/System/Library/Frameworks/GSS.framework/Versions/A/GSS
0x00000000034a9000 	/usr/lib/libresolv.9.dylib
0x00000000034a9000 	/usr/lib/libiconv.2.dylib
0x00000000034a9000 	/System/Library/PrivateFrameworks/Heimdal.framework/Versions/A/Heimdal
0x00000000034a9000 	/usr/lib/libheimdal-asn1.dylib
0x00000000034a9000 	/System/Library/Frameworks/OpenDirectory.framework/Versions/A/OpenDirectory
0x00000000034a9000 	/System/Library/PrivateFrameworks/CommonAuth.framework/Versions/A/CommonAuth
0x00000000034a9000 	/System/Library/Frameworks/OpenDirectory.framework/Versions/A/Frameworks/CFOpenDirectory.framework/Versions/A/CFOpenDirectory
0x00000000034a9000 	/System/Library/Frameworks/SecurityFoundation.framework/Versions/A/SecurityFoundation
0x00000000034a9000 	/System/Library/PrivateFrameworks/LanguageModeling.framework/Versions/A/LanguageModeling
0x00000000034a9000 	/usr/lib/libmarisa.dylib
0x00000000034a9000 	/usr/lib/libChineseTokenizer.dylib
0x00000000034a9000 	/usr/lib/libcmph.dylib
0x00000000034a9000 	/usr/lib/libcompression.dylib
0x00000000034a9000 	/System/Library/Frameworks/ServiceManagement.framework/Versions/A/ServiceManagement
0x00000000034a9000 	/usr/lib/libxslt.1.dylib
0x00000000034a9000 	/System/Library/Frameworks/Carbon.framework/Versions/A/Frameworks/Ink.framework/Versions/A/Ink
0x00000000034a9000 	/usr/lib/libFosl_dynamic.dylib
0x00000000034a9000 	/System/Library/PrivateFrameworks/FaceCore.framework/Versions/A/FaceCore
0x00000000034a9000 	/System/Library/Frameworks/OpenCL.framework/Versions/A/OpenCL
0x00000000034a9000 	/System/Library/PrivateFrameworks/CrashReporterSupport.framework/Versions/A/CrashReporterSupport
0x00000000034a9000 	/System/Library/PrivateFrameworks/IconServices.framework/Versions/A/IconServices
0x00000000034a9000 	/System/Library/PrivateFrameworks/Apple80211.framework/Versions/A/Apple80211
0x00000000034a9000 	/System/Library/Frameworks/CoreWLAN.framework/Versions/A/CoreWLAN
0x00000000034a9000 	/System/Library/Frameworks/IOBluetooth.framework/Versions/A/IOBluetooth
0x00000000034a9000 	/System/Library/PrivateFrameworks/CoreWiFi.framework/Versions/A/CoreWiFi
0x00000000034a9000 	/System/Library/Frameworks/CoreBluetooth.framework/Versions/A/CoreBluetooth
0x00000000034a9000 	/System/Library/PrivateFrameworks/ChunkingLibrary.framework/Versions/A/ChunkingLibrary
0x00000000034a9000 	/System/Library/PrivateFrameworks/DebugSymbols.framework/Versions/A/DebugSymbols
0x00000000034a9000 	/System/Library/PrivateFrameworks/CoreSymbolication.framework/Versions/A/CoreSymbolication
0x00000000034a9000 	/System/Library/PrivateFrameworks/Symbolication.framework/Versions/A/Symbolication
0x00000000034a9000 	/System/Library/PrivateFrameworks/SpeechRecognitionCore.framework/Versions/A/SpeechRecognitionCore
0x000000010f400000 	/Library/Java/JavaVirtualMachines/jdk1.8.0_11.jdk/Contents/Home/jre/lib/server/libjvm.dylib
0x00000000034a9000 	/usr/lib/libstdc++.6.dylib
0x000000010e39d000 	/Library/Java/JavaVirtualMachines/jdk1.8.0_11.jdk/Contents/Home/jre/lib/libverify.dylib
0x000000010e3ab000 	/Library/Java/JavaVirtualMachines/jdk1.8.0_11.jdk/Contents/Home/jre/lib/libjava.dylib
0x000000010e3e9000 	/Library/Java/JavaVirtualMachines/jdk1.8.0_11.jdk/Contents/Home/jre/lib/libzip.dylib
0x0000000126878000 	/System/Library/Frameworks/JavaVM.framework/Frameworks/JavaRuntimeSupport.framework/JavaRuntimeSupport
0x0000000126893000 	/System/Library/Frameworks/JavaVM.framework/Versions/A/Frameworks/JavaNativeFoundation.framework/Versions/A/JavaNativeFoundation
0x000000010e3f2000 	/System/Library/Frameworks/JavaVM.framework/Versions/A/JavaVM
0x00000000034a9000 	/System/Library/Frameworks/Carbon.framework/Versions/A/Carbon
0x00000001268a8000 	/System/Library/PrivateFrameworks/JavaLaunching.framework/Versions/A/JavaLaunching
0x00000000034a9000 	/System/Library/Frameworks/Carbon.framework/Versions/A/Frameworks/CommonPanels.framework/Versions/A/CommonPanels
0x00000000034a9000 	/System/Library/Frameworks/Carbon.framework/Versions/A/Frameworks/Help.framework/Versions/A/Help
0x00000000034a9000 	/System/Library/Frameworks/Carbon.framework/Versions/A/Frameworks/ImageCapture.framework/Versions/A/ImageCapture
0x00000000034a9000 	/System/Library/Frameworks/Carbon.framework/Versions/A/Frameworks/OpenScripting.framework/Versions/A/OpenScripting
0x00000000034a9000 	/System/Library/Frameworks/Carbon.framework/Versions/A/Frameworks/Print.framework/Versions/A/Print
0x00000000034a9000 	/System/Library/Frameworks/Carbon.framework/Versions/A/Frameworks/SecurityHI.framework/Versions/A/SecurityHI
0x0000000128274000 	/Library/Java/JavaVirtualMachines/jdk1.8.0_11.jdk/Contents/Home/jre/lib/libprism_es2.dylib
0x00000000034a9000 	/System/Library/Frameworks/OpenGL.framework/Versions/A/Resources/GLEngine.bundle/GLEngine
0x00000000034a9000 	/System/Library/Frameworks/OpenGL.framework/Versions/A/Libraries/libGLProgrammability.dylib
0x00000001282f3000 	/System/Library/Extensions/AppleIntelHD4000GraphicsGLDriver.bundle/Contents/MacOS/AppleIntelHD4000GraphicsGLDriver
0x00000000034a9000 	/System/Library/PrivateFrameworks/GPUSupport.framework/Versions/A/Libraries/libGPUSupportMercury.dylib
0x00000000034a9000 	/System/Library/Extensions/GeForceGLDriver.bundle/Contents/MacOS/GeForceGLDriver
0x00000000034a9000 	/System/Library/Extensions/GeForceGLDriver.bundle/Contents/MacOS/libclh.dylib
0x00000000034a9000 	/System/Library/Frameworks/OpenGL.framework/Versions/A/Resources/GLRendererFloat.bundle/GLRendererFloat
0x00000000034a9000 	/System/Library/Frameworks/OpenCL.framework/Versions/A/Libraries/libcldcpuengine.dylib
0x00000000034a9000 	/System/Library/PrivateFrameworks/DiskImages.framework/Versions/A/DiskImages
0x00000000034a9000 	/System/Library/Frameworks/DiscRecording.framework/Versions/A/DiscRecording
0x00000000034a9000 	/usr/lib/libcsfde.dylib
0x00000000034a9000 	/usr/lib/libcurl.4.dylib
0x00000000034a9000 	/System/Library/PrivateFrameworks/MediaKit.framework/Versions/A/MediaKit
0x00000000034a9000 	/System/Library/PrivateFrameworks/ProtectedCloudStorage.framework/Versions/A/ProtectedCloudStorage
0x00000000034a9000 	/usr/lib/libCoreStorage.dylib
0x00000000034a9000 	/System/Library/PrivateFrameworks/EFILogin.framework/Versions/A/EFILogin
0x00000000034a9000 	/usr/lib/libutil.dylib
0x00000000034a9000 	/System/Library/PrivateFrameworks/FindMyDevice.framework/Versions/A/FindMyDevice
0x00000000034a9000 	/System/Library/Frameworks/LDAP.framework/Versions/A/LDAP
0x00000000034a9000 	/usr/lib/libsasl2.2.dylib
0x00000000034a9000 	/System/Library/PrivateFrameworks/CoreDaemon.framework/Versions/B/CoreDaemon
0x00000000034a9000 	/usr/lib/libcrypto.0.9.8.dylib
0x00000000034a9000 	/System/Library/PrivateFrameworks/AppleSRP.framework/Versions/A/AppleSRP
0x00000000034a9000 	/System/Library/PrivateFrameworks/TrustEvaluationAgent.framework/Versions/A/TrustEvaluationAgent
0x0000000128c2b000 	/Library/Java/JavaVirtualMachines/jdk1.8.0_11.jdk/Contents/Home/jre/lib/libglass.dylib
0x00000000034a9000 	/System/Library/PrivateFrameworks/CoreServicesInternal.framework/Versions/A/CoreServicesInternal
0x00000000034a9000 	/System/Library/CoreServices/RawCamera.bundle/Contents/MacOS/RawCamera
0x00000000034a9000 	/System/Library/Frameworks/CoreGraphics.framework/Versions/A/Resources/libRIP.A.dylib
0x00000000034a9000 	/System/Library/Frameworks/Accelerate.framework/Versions/A/Frameworks/vImage.framework/Versions/A/Libraries/libCGInterfaces.dylib
0x00000000034a9000 	/System/Library/PrivateFrameworks/FamilyControls.framework/Versions/A/FamilyControls
0x00000000034a9000 	/System/Library/PrivateFrameworks/CommerceKit.framework/Versions/A/Frameworks/CommerceCore.framework/Versions/A/CommerceCore
0x00000000034a9000 	/System/Library/PrivateFrameworks/SystemAdministration.framework/Versions/A/SystemAdministration
0x00000000034a9000 	/System/Library/PrivateFrameworks/AppContainer.framework/Versions/A/AppContainer
0x00000000034a9000 	/System/Library/PrivateFrameworks/SecCodeWrapper.framework/Versions/A/SecCodeWrapper
0x00000000034a9000 	/System/Library/Frameworks/DirectoryService.framework/Versions/A/DirectoryService
0x00000000034a9000 	/System/Library/PrivateFrameworks/LoginUIKit.framework/Versions/A/Frameworks/LoginUICore.framework/Versions/A/LoginUICore
0x00000000034a9000 	/usr/lib/libodfde.dylib

VM Arguments:
jvm_args: -Dfile.encoding=UTF-8 
java_command: /Users/Markcuz/Desktop/GDPT Database/dist/run1677898829/GDPT Database.jar
java_class_path (initial): /Users/Markcuz/Desktop/GDPT Database/dist/run1677898829/GDPT Database.jar
Launcher Type: SUN_STANDARD

Environment Variables:
PATH=/usr/bin:/bin:/usr/sbin:/sbin
LD_LIBRARY_PATH=/Library/Java/JavaVirtualMachines/jdk1.8.0_11.jdk/Contents/Home/jre/lib/amd64:/Library/Java/JavaVirtualMachines/jdk1.8.0_11.jdk/Contents/Home/jre/lib/i386:
SHELL=/bin/bash
DISPLAY=/private/tmp/com.apple.launchd.SkIF05sjy8/org.macosforge.xquartz:0

Signal Handlers:
SIGSEGV: [libjvm.dylib+0x56059b], sa_mask[0]=0xfffefeff, sa_flags=0x00000043
SIGBUS: [libjvm.dylib+0x56059b], sa_mask[0]=0xfffefeff, sa_flags=0x00000042
SIGFPE: [libjvm.dylib+0x4438f2], sa_mask[0]=0xfffefeff, sa_flags=0x00000042
SIGPIPE: [libjvm.dylib+0x4438f2], sa_mask[0]=0xfffefeff, sa_flags=0x00000042
SIGXFSZ: [libjvm.dylib+0x4438f2], sa_mask[0]=0xfffefeff, sa_flags=0x00000042
SIGILL: [libjvm.dylib+0x4438f2], sa_mask[0]=0xfffefeff, sa_flags=0x00000042
SIGUSR1: SIG_DFL, sa_mask[0]=0x00000000, sa_flags=0x00000000
SIGUSR2: [libjvm.dylib+0x443410], sa_mask[0]=0x00000004, sa_flags=0x00000042
SIGHUP: [libjvm.dylib+0x44179b], sa_mask[0]=0xfffefeff, sa_flags=0x00000042
SIGINT: SIG_IGN, sa_mask[0]=0x00000000, sa_flags=0x00000000
SIGTERM: [libjvm.dylib+0x44179b], sa_mask[0]=0xfffefeff, sa_flags=0x00000042
SIGQUIT: [libjvm.dylib+0x44179b], sa_mask[0]=0xfffefeff, sa_flags=0x00000042


---------------  S Y S T E M  ---------------

OS:Bsduname:Darwin 15.0.0 Darwin Kernel Version 15.0.0: Sat Sep 19 15:53:46 PDT 2015; root:xnu-3247.10.11~1/RELEASE_X86_64 x86_64
rlimit: STACK 8192k, CORE 0k, NPROC 709, NOFILE 10240, AS infinity
load average:1.46 1.49 1.52

CPU:total 8 (4 cores per cpu, 2 threads per core) family 6 model 58 stepping 9, cmov, cx8, fxsr, mmx, sse, sse2, sse3, ssse3, sse4.1, sse4.2, popcnt, avx, aes, clmul, erms, ht, tsc, tscinvbit

Memory: 4k page, physical 8388608k(173048k free)

/proc/meminfo:


vm_info: Java HotSpot(TM) 64-Bit Server VM (25.11-b03) for bsd-amd64 JRE (1.8.0_11-b12), built on Jun 16 2014 17:39:42 by "java_re" with gcc 4.2.1 (Based on Apple Inc. build 5658) (LLVM build 2336.11.00)

time: Wed Nov 18 22:18:27 2015
elapsed time: 0 seconds

